<?xml version="1.0" encoding="UTF-8"?>
<testng-results skipped="0" failed="0" ignored="0" total="1" passed="1">
  <reporter-output>
  </reporter-output>
  <suite name="Default suite" duration-ms="6335" started-at="2021-05-18T12:31:13Z" finished-at="2021-05-18T12:31:19Z">
    <groups>
    </groups>
    <test name="Default test" duration-ms="6335" started-at="2021-05-18T12:31:13Z" finished-at="2021-05-18T12:31:19Z">
      <class name="com.learnautomation.tests.LoginTestCRM">
        <test-method status="PASS" signature="setUpSuite()[pri:0, instance:com.learnautomation.tests.LoginTestCRM@17c386de]" name="setUpSuite" is-config="true" duration-ms="282" started-at="2021-05-18T12:31:13Z" finished-at="2021-05-18T12:31:13Z">
          <reporter-output>
          </reporter-output>
        </test-method> <!-- setUpSuite -->
        <test-method status="PASS" signature="setup()[pri:0, instance:com.learnautomation.tests.LoginTestCRM@17c386de]" name="setup" is-config="true" duration-ms="2659" started-at="2021-05-18T12:31:13Z" finished-at="2021-05-18T12:31:16Z">
          <reporter-output>
          </reporter-output>
        </test-method> <!-- setup -->
        <test-method status="PASS" signature="loginApp()[pri:0, instance:com.learnautomation.tests.LoginTestCRM@17c386de]" name="loginApp" duration-ms="3664" started-at="2021-05-18T12:31:16Z" finished-at="2021-05-18T12:31:19Z">
          <reporter-output>
          </reporter-output>
        </test-method> <!-- loginApp -->
      </class> <!-- com.learnautomation.tests.LoginTestCRM -->
    </test> <!-- Default test -->
  </suite> <!-- Default suite -->
</testng-results>
